<?xml version="1.0" encoding="UTF-8"?>
<!-- Generated by org.testng.reporters.JUnitXMLReporter -->
<testsuite hostname="bi-lt05.p2pcredit.local" name="Test" tests="4" failures="1" timestamp="30 Dec 2014 22:05:45 GMT" time="50.706" errors="0">
  <testcase name="homepageHomeLinkDisplayed" time="0.021" classname="com.prosper.webtest.home.TestHomePage"/>
  <testcase name="homepageLoanTypesLinkDisplayed" time="0.016" classname="com.prosper.webtest.home.TestHomePage"/>
  <testcase name="homepageQuickInvestLinkDisplayed" time="0.015" classname="com.prosper.webtest.home.TestHomePage"/>
  <testcase name="homePageDisplayed" time="33.734" classname="com.prosper.webtest.home.TestHomePage">
    <failure type="java.lang.AssertionError" message="expected [true] but found [false]">
      <![CDATA[java.lang.AssertionError: expected [true] but found [false]
	at com.prosper.utilityClasses.HelperAPI.verifyPageTitle(HelperAPI.java:208)
	at com.prosper.page.LoginPage.loginWithValidUserId(LoginPage.java:53)
	at com.prosper.webtest.home.TestHomePage.homePageDisplayed(TestHomePage.java:29)
... Removed 28 stack frames]]>
    </failure>
  </testcase> <!-- homePageDisplayed -->
</testsuite> <!-- Test -->
