<?xml version="1.0" encoding="UTF-8"?>
<!-- Generated by org.testng.reporters.JUnitXMLReporter -->
<testsuite hostname="bi-lt05.p2pcredit.local" name="Command line test" tests="4" failures="1" timestamp="31 Dec 2014 01:43:51 GMT" time="21.25" errors="0">
  <testcase name="homepageHomeLinkDisplayed" time="0.018" classname="com.prosper.webtest.home.TestHomePage"/>
  <testcase name="homepageLoanTypesLinkDisplayed" time="0.016" classname="com.prosper.webtest.home.TestHomePage"/>
  <testcase name="homepageQuickInvestLinkDisplayed" time="0.016" classname="com.prosper.webtest.home.TestHomePage"/>
  <testcase name="homePageDisplayed" time="4.023" classname="com.prosper.webtest.home.TestHomePage">
    <failure type="java.lang.AssertionError" message="expected [true] but found [false]">
      <![CDATA[java.lang.AssertionError: expected [true] but found [false]
	at com.prosper.utilityClasses.HelperAPI.verifyPageTitle(HelperAPI.java:209)
	at com.prosper.page.LoginPage.loginWithValidUserId(LoginPage.java:53)
	at com.prosper.webtest.home.TestHomePage.homePageDisplayed(TestHomePage.java:29)
... Removed 38 stack frames]]>
    </failure>
  </testcase> <!-- homePageDisplayed -->
</testsuite> <!-- Command line test -->
