<?xml version="1.0" encoding="UTF-8"?>
<testng-results skipped="0" failed="1" total="4" passed="3">
  <reporter-output>
    <line>
      <![CDATA[Failed_Test_Case <a href = //Users//adhanoa//eclipseWorkspace//Prosper_Test_Harness//Screenshot/com.prosper.webtest.home.TestHomePage_homePageDisplayed_30_12_2014_05_43_51.png</a>]]>
    </line>
  </reporter-output>
  <suite name="Command line suite" duration-ms="21250" started-at="2014-12-31T01:43:30Z" finished-at="2014-12-31T01:43:51Z">
    <groups>
    </groups>
    <test name="Command line test" duration-ms="21250" started-at="2014-12-31T01:43:30Z" finished-at="2014-12-31T01:43:51Z">
      <class name="com.prosper.webtest.home.TestHomePage">
        <test-method status="PASS" signature="runBeforeEachMethod(java.lang.reflect.Method)[pri:0, instance:com.prosper.webtest.home.TestHomePage@61d22f35]" name="runBeforeEachMethod" is-config="true" duration-ms="5666" started-at="2014-12-30T17:43:30Z" finished-at="2014-12-30T17:43:35Z">
          <params>
            <param index="0">
              <value>
                <![CDATA[public void com.prosper.webtest.home.TestHomePage.homepageHomeLinkDisplayed()]]>
              </value>
            </param>
          </params>
          <reporter-output>
          </reporter-output>
        </test-method> <!-- runBeforeEachMethod -->
        <test-method status="PASS" signature="homepageHomeLinkDisplayed()[pri:0, instance:com.prosper.webtest.home.TestHomePage@61d22f35]" name="homepageHomeLinkDisplayed" duration-ms="18" started-at="2014-12-30T17:43:35Z" finished-at="2014-12-30T17:43:35Z">
          <reporter-output>
          </reporter-output>
        </test-method> <!-- homepageHomeLinkDisplayed -->
        <test-method status="PASS" signature="takeScreenShotOnFailure(org.testng.ITestResult)[pri:0, instance:com.prosper.webtest.home.TestHomePage@61d22f35]" name="takeScreenShotOnFailure" is-config="true" duration-ms="0" started-at="2014-12-30T17:43:35Z" finished-at="2014-12-30T17:43:35Z">
          <params>
            <param index="0">
              <value>
                <![CDATA[[TestResult name=homepageHomeLinkDisplayed status=SUCCESS method=TestHomePage.homepageHomeLinkDisplayed()[pri:0, instance:com.prosper.webtest.home.TestHomePage@61d22f35] output={null}]]]>
              </value>
            </param>
          </params>
          <reporter-output>
          </reporter-output>
        </test-method> <!-- takeScreenShotOnFailure -->
        <test-method status="PASS" signature="runAfterEachMethod()[pri:0, instance:com.prosper.webtest.home.TestHomePage@61d22f35]" name="runAfterEachMethod" is-config="true" duration-ms="76" started-at="2014-12-30T17:43:35Z" depends-on-methods="com.prosper.utilityClasses.SetUpWebDriver.takeScreenShotOnFailure" finished-at="2014-12-30T17:43:35Z">
          <reporter-output>
          </reporter-output>
        </test-method> <!-- runAfterEachMethod -->
        <test-method status="PASS" signature="runBeforeEachMethod(java.lang.reflect.Method)[pri:0, instance:com.prosper.webtest.home.TestHomePage@61d22f35]" name="runBeforeEachMethod" is-config="true" duration-ms="3524" started-at="2014-12-30T17:43:35Z" finished-at="2014-12-30T17:43:39Z">
          <params>
            <param index="0">
              <value>
                <![CDATA[public void com.prosper.webtest.home.TestHomePage.homepageLoanTypesLinkDisplayed()]]>
              </value>
            </param>
          </params>
          <reporter-output>
          </reporter-output>
        </test-method> <!-- runBeforeEachMethod -->
        <test-method status="PASS" signature="homepageLoanTypesLinkDisplayed()[pri:0, instance:com.prosper.webtest.home.TestHomePage@61d22f35]" name="homepageLoanTypesLinkDisplayed" duration-ms="16" started-at="2014-12-30T17:43:39Z" finished-at="2014-12-30T17:43:39Z">
          <reporter-output>
          </reporter-output>
        </test-method> <!-- homepageLoanTypesLinkDisplayed -->
        <test-method status="PASS" signature="takeScreenShotOnFailure(org.testng.ITestResult)[pri:0, instance:com.prosper.webtest.home.TestHomePage@61d22f35]" name="takeScreenShotOnFailure" is-config="true" duration-ms="1" started-at="2014-12-30T17:43:39Z" finished-at="2014-12-30T17:43:39Z">
          <params>
            <param index="0">
              <value>
                <![CDATA[[TestResult name=homepageLoanTypesLinkDisplayed status=SUCCESS method=TestHomePage.homepageLoanTypesLinkDisplayed()[pri:0, instance:com.prosper.webtest.home.TestHomePage@61d22f35] output={null}]]]>
              </value>
            </param>
          </params>
          <reporter-output>
          </reporter-output>
        </test-method> <!-- takeScreenShotOnFailure -->
        <test-method status="PASS" signature="runAfterEachMethod()[pri:0, instance:com.prosper.webtest.home.TestHomePage@61d22f35]" name="runAfterEachMethod" is-config="true" duration-ms="72" started-at="2014-12-30T17:43:39Z" depends-on-methods="com.prosper.utilityClasses.SetUpWebDriver.takeScreenShotOnFailure" finished-at="2014-12-30T17:43:39Z">
          <reporter-output>
          </reporter-output>
        </test-method> <!-- runAfterEachMethod -->
        <test-method status="PASS" signature="runBeforeEachMethod(java.lang.reflect.Method)[pri:0, instance:com.prosper.webtest.home.TestHomePage@61d22f35]" name="runBeforeEachMethod" is-config="true" duration-ms="4154" started-at="2014-12-30T17:43:39Z" finished-at="2014-12-30T17:43:43Z">
          <params>
            <param index="0">
              <value>
                <![CDATA[public void com.prosper.webtest.home.TestHomePage.homepageQuickInvestLinkDisplayed()]]>
              </value>
            </param>
          </params>
          <reporter-output>
          </reporter-output>
        </test-method> <!-- runBeforeEachMethod -->
        <test-method status="PASS" signature="homepageQuickInvestLinkDisplayed()[pri:0, instance:com.prosper.webtest.home.TestHomePage@61d22f35]" name="homepageQuickInvestLinkDisplayed" duration-ms="16" started-at="2014-12-30T17:43:43Z" finished-at="2014-12-30T17:43:43Z">
          <reporter-output>
          </reporter-output>
        </test-method> <!-- homepageQuickInvestLinkDisplayed -->
        <test-method status="PASS" signature="takeScreenShotOnFailure(org.testng.ITestResult)[pri:0, instance:com.prosper.webtest.home.TestHomePage@61d22f35]" name="takeScreenShotOnFailure" is-config="true" duration-ms="1" started-at="2014-12-30T17:43:43Z" finished-at="2014-12-30T17:43:43Z">
          <params>
            <param index="0">
              <value>
                <![CDATA[[TestResult name=homepageQuickInvestLinkDisplayed status=SUCCESS method=TestHomePage.homepageQuickInvestLinkDisplayed()[pri:0, instance:com.prosper.webtest.home.TestHomePage@61d22f35] output={null}]]]>
              </value>
            </param>
          </params>
          <reporter-output>
          </reporter-output>
        </test-method> <!-- takeScreenShotOnFailure -->
        <test-method status="PASS" signature="runAfterEachMethod()[pri:0, instance:com.prosper.webtest.home.TestHomePage@61d22f35]" name="runAfterEachMethod" is-config="true" duration-ms="75" started-at="2014-12-30T17:43:43Z" depends-on-methods="com.prosper.utilityClasses.SetUpWebDriver.takeScreenShotOnFailure" finished-at="2014-12-30T17:43:43Z">
          <reporter-output>
          </reporter-output>
        </test-method> <!-- runAfterEachMethod -->
        <test-method status="PASS" signature="runBeforeEachMethod(java.lang.reflect.Method)[pri:0, instance:com.prosper.webtest.home.TestHomePage@61d22f35]" name="runBeforeEachMethod" is-config="true" duration-ms="3286" started-at="2014-12-30T17:43:43Z" finished-at="2014-12-30T17:43:47Z">
          <params>
            <param index="0">
              <value>
                <![CDATA[public void com.prosper.webtest.home.TestHomePage.homePageDisplayed(java.lang.String)]]>
              </value>
            </param>
          </params>
          <reporter-output>
          </reporter-output>
        </test-method> <!-- runBeforeEachMethod -->
        <test-method status="FAIL" signature="homePageDisplayed(java.lang.String)[pri:0, instance:com.prosper.webtest.home.TestHomePage@61d22f35]" name="homePageDisplayed" duration-ms="4023" started-at="2014-12-30T17:43:47Z" data-provider="email" finished-at="2014-12-30T17:43:51Z">
          <params>
            <param index="0">
              <value>
                <![CDATA[avneet.dhanoa@gmail.com]]>
              </value>
            </param>
          </params>
          <exception class="java.lang.AssertionError">
            <message>
              <![CDATA[expected [true] but found [false]]]>
            </message>
            <full-stacktrace>
              <![CDATA[java.lang.AssertionError: expected [true] but found [false]
	at org.testng.Assert.fail(Assert.java:94)
	at org.testng.Assert.failNotEquals(Assert.java:494)
	at org.testng.Assert.assertTrue(Assert.java:42)
	at org.testng.Assert.assertTrue(Assert.java:52)
	at com.prosper.utilityClasses.HelperAPI.verifyPageTitle(HelperAPI.java:209)
	at com.prosper.page.LoginPage.loginWithValidUserId(LoginPage.java:53)
	at com.prosper.webtest.home.TestHomePage.homePageDisplayed(TestHomePage.java:29)
	at sun.reflect.NativeMethodAccessorImpl.invoke0(Native Method)
	at sun.reflect.NativeMethodAccessorImpl.invoke(NativeMethodAccessorImpl.java:57)
	at sun.reflect.DelegatingMethodAccessorImpl.invoke(DelegatingMethodAccessorImpl.java:43)
	at java.lang.reflect.Method.invoke(Method.java:606)
	at org.testng.internal.MethodInvocationHelper.invokeMethod(MethodInvocationHelper.java:84)
	at org.testng.internal.Invoker.invokeMethod(Invoker.java:714)
	at org.testng.internal.Invoker.invokeTestMethod(Invoker.java:901)
	at org.testng.internal.Invoker.invokeTestMethods(Invoker.java:1231)
	at org.testng.internal.TestMethodWorker.invokeTestMethods(TestMethodWorker.java:127)
	at org.testng.internal.TestMethodWorker.run(TestMethodWorker.java:111)
	at org.testng.TestRunner.privateRun(TestRunner.java:767)
	at org.testng.TestRunner.run(TestRunner.java:617)
	at org.testng.SuiteRunner.runTest(SuiteRunner.java:348)
	at org.testng.SuiteRunner.runSequentially(SuiteRunner.java:343)
	at org.testng.SuiteRunner.privateRun(SuiteRunner.java:305)
	at org.testng.SuiteRunner.run(SuiteRunner.java:254)
	at org.testng.SuiteRunnerWorker.runSuite(SuiteRunnerWorker.java:52)
	at org.testng.SuiteRunnerWorker.run(SuiteRunnerWorker.java:86)
	at org.testng.TestNG.runSuitesSequentially(TestNG.java:1224)
	at org.testng.TestNG.runSuitesLocally(TestNG.java:1149)
	at org.testng.TestNG.run(TestNG.java:1057)
	at org.apache.maven.surefire.testng.TestNGExecutor.run(TestNGExecutor.java:77)
	at org.apache.maven.surefire.testng.TestNGDirectoryTestSuite.executeMulti(TestNGDirectoryTestSuite.java:159)
	at org.apache.maven.surefire.testng.TestNGDirectoryTestSuite.execute(TestNGDirectoryTestSuite.java:99)
	at org.apache.maven.surefire.testng.TestNGProvider.invoke(TestNGProvider.java:106)
	at sun.reflect.NativeMethodAccessorImpl.invoke0(Native Method)
	at sun.reflect.NativeMethodAccessorImpl.invoke(NativeMethodAccessorImpl.java:57)
	at sun.reflect.DelegatingMethodAccessorImpl.invoke(DelegatingMethodAccessorImpl.java:43)
	at java.lang.reflect.Method.invoke(Method.java:606)
	at org.apache.maven.surefire.util.ReflectionUtils.invokeMethodWithArray(ReflectionUtils.java:189)
	at org.apache.maven.surefire.booter.ProviderFactory$ProviderProxy.invoke(ProviderFactory.java:165)
	at org.apache.maven.surefire.booter.ProviderFactory.invokeProvider(ProviderFactory.java:85)
	at org.apache.maven.surefire.booter.ForkedBooter.runSuitesInProcess(ForkedBooter.java:115)
	at org.apache.maven.surefire.booter.ForkedBooter.main(ForkedBooter.java:75)
]]>
            </full-stacktrace>
          </exception> <!-- java.lang.AssertionError -->
          <reporter-output>
          </reporter-output>
        </test-method> <!-- homePageDisplayed -->
        <test-method status="PASS" signature="takeScreenShotOnFailure(org.testng.ITestResult)[pri:0, instance:com.prosper.webtest.home.TestHomePage@61d22f35]" name="takeScreenShotOnFailure" is-config="true" duration-ms="233" started-at="2014-12-30T17:43:51Z" finished-at="2014-12-30T17:43:51Z">
          <params>
            <param index="0">
              <value>
                <![CDATA[[TestResult name=homePageDisplayed status=FAILURE method=TestHomePage.homePageDisplayed(java.lang.String)[pri:0, instance:com.prosper.webtest.home.TestHomePage@61d22f35] output={null}]]]>
              </value>
            </param>
          </params>
          <reporter-output>
            <line>
              <![CDATA[Failed_Test_Case <a href = //Users//adhanoa//eclipseWorkspace//Prosper_Test_Harness//Screenshot/com.prosper.webtest.home.TestHomePage_homePageDisplayed_30_12_2014_05_43_51.png</a>]]>
            </line>
          </reporter-output>
        </test-method> <!-- takeScreenShotOnFailure -->
        <test-method status="PASS" signature="runAfterEachMethod()[pri:0, instance:com.prosper.webtest.home.TestHomePage@61d22f35]" name="runAfterEachMethod" is-config="true" duration-ms="71" started-at="2014-12-30T17:43:51Z" depends-on-methods="com.prosper.utilityClasses.SetUpWebDriver.takeScreenShotOnFailure" finished-at="2014-12-30T17:43:51Z">
          <reporter-output>
          </reporter-output>
        </test-method> <!-- runAfterEachMethod -->
      </class> <!-- com.prosper.webtest.home.TestHomePage -->
    </test> <!-- Command line test -->
  </suite> <!-- Command line suite -->
</testng-results>
