<?xml version="1.0" encoding="UTF-8"?>
<testng-results skipped="0" failed="1" total="4" passed="3">
  <reporter-output>
    <line>
      <![CDATA[Failed_Test_Case <a href = //Users//adhanoa//eclipseWorkspace//Prosper_Test_Harness//Screenshot/com.prosper.webtest.home.TestHomePage_homePageDisplayed_30_12_2014_02_05_45.png</a>]]>
    </line>
  </reporter-output>
  <suite name="Suite" duration-ms="50706" started-at="2014-12-30T22:04:55Z" finished-at="2014-12-30T22:05:45Z">
    <groups>
    </groups>
    <test name="Test" duration-ms="50706" started-at="2014-12-30T22:04:55Z" finished-at="2014-12-30T22:05:45Z">
      <class name="com.prosper.webtest.home.TestHomePage">
        <test-method status="PASS" signature="runBeforeEachMethod(java.lang.reflect.Method)[pri:0, instance:com.prosper.webtest.home.TestHomePage@24c4187c]" name="runBeforeEachMethod" is-config="true" duration-ms="4912" started-at="2014-12-30T14:04:55Z" finished-at="2014-12-30T14:05:00Z">
          <params>
            <param index="0">
              <value>
                <![CDATA[public void com.prosper.webtest.home.TestHomePage.homepageHomeLinkDisplayed()]]>
              </value>
            </param>
          </params>
          <reporter-output>
          </reporter-output>
        </test-method> <!-- runBeforeEachMethod -->
        <test-method status="PASS" signature="homepageHomeLinkDisplayed()[pri:0, instance:com.prosper.webtest.home.TestHomePage@24c4187c]" name="homepageHomeLinkDisplayed" duration-ms="21" started-at="2014-12-30T14:05:00Z" finished-at="2014-12-30T14:05:00Z">
          <reporter-output>
          </reporter-output>
        </test-method> <!-- homepageHomeLinkDisplayed -->
        <test-method status="PASS" signature="runAfterEachMethod()[pri:0, instance:com.prosper.webtest.home.TestHomePage@24c4187c]" name="runAfterEachMethod" is-config="true" duration-ms="76" started-at="2014-12-30T14:05:00Z" depends-on-methods="com.prosper.utilityClasses.SetUpWebDriver.takeScreenShotOnFailure" finished-at="2014-12-30T14:05:00Z">
          <reporter-output>
          </reporter-output>
        </test-method> <!-- runAfterEachMethod -->
        <test-method status="PASS" signature="takeScreenShotOnFailure(org.testng.ITestResult)[pri:0, instance:com.prosper.webtest.home.TestHomePage@24c4187c]" name="takeScreenShotOnFailure" is-config="true" duration-ms="0" started-at="2014-12-30T14:05:00Z" finished-at="2014-12-30T14:05:00Z">
          <params>
            <param index="0">
              <value>
                <![CDATA[[TestResult name=homepageHomeLinkDisplayed status=SUCCESS method=TestHomePage.homepageHomeLinkDisplayed()[pri:0, instance:com.prosper.webtest.home.TestHomePage@24c4187c] output={null}]]]>
              </value>
            </param>
          </params>
          <reporter-output>
          </reporter-output>
        </test-method> <!-- takeScreenShotOnFailure -->
        <test-method status="PASS" signature="runBeforeEachMethod(java.lang.reflect.Method)[pri:0, instance:com.prosper.webtest.home.TestHomePage@24c4187c]" name="runBeforeEachMethod" is-config="true" duration-ms="3290" started-at="2014-12-30T14:05:00Z" finished-at="2014-12-30T14:05:03Z">
          <params>
            <param index="0">
              <value>
                <![CDATA[public void com.prosper.webtest.home.TestHomePage.homepageLoanTypesLinkDisplayed()]]>
              </value>
            </param>
          </params>
          <reporter-output>
          </reporter-output>
        </test-method> <!-- runBeforeEachMethod -->
        <test-method status="PASS" signature="homepageLoanTypesLinkDisplayed()[pri:0, instance:com.prosper.webtest.home.TestHomePage@24c4187c]" name="homepageLoanTypesLinkDisplayed" duration-ms="16" started-at="2014-12-30T14:05:03Z" finished-at="2014-12-30T14:05:03Z">
          <reporter-output>
          </reporter-output>
        </test-method> <!-- homepageLoanTypesLinkDisplayed -->
        <test-method status="PASS" signature="takeScreenShotOnFailure(org.testng.ITestResult)[pri:0, instance:com.prosper.webtest.home.TestHomePage@24c4187c]" name="takeScreenShotOnFailure" is-config="true" duration-ms="1" started-at="2014-12-30T14:05:03Z" finished-at="2014-12-30T14:05:03Z">
          <params>
            <param index="0">
              <value>
                <![CDATA[[TestResult name=homepageLoanTypesLinkDisplayed status=SUCCESS method=TestHomePage.homepageLoanTypesLinkDisplayed()[pri:0, instance:com.prosper.webtest.home.TestHomePage@24c4187c] output={null}]]]>
              </value>
            </param>
          </params>
          <reporter-output>
          </reporter-output>
        </test-method> <!-- takeScreenShotOnFailure -->
        <test-method status="PASS" signature="runAfterEachMethod()[pri:0, instance:com.prosper.webtest.home.TestHomePage@24c4187c]" name="runAfterEachMethod" is-config="true" duration-ms="73" started-at="2014-12-30T14:05:03Z" depends-on-methods="com.prosper.utilityClasses.SetUpWebDriver.takeScreenShotOnFailure" finished-at="2014-12-30T14:05:03Z">
          <reporter-output>
          </reporter-output>
        </test-method> <!-- runAfterEachMethod -->
        <test-method status="PASS" signature="runBeforeEachMethod(java.lang.reflect.Method)[pri:0, instance:com.prosper.webtest.home.TestHomePage@24c4187c]" name="runBeforeEachMethod" is-config="true" duration-ms="4388" started-at="2014-12-30T14:05:03Z" finished-at="2014-12-30T14:05:07Z">
          <params>
            <param index="0">
              <value>
                <![CDATA[public void com.prosper.webtest.home.TestHomePage.homepageQuickInvestLinkDisplayed()]]>
              </value>
            </param>
          </params>
          <reporter-output>
          </reporter-output>
        </test-method> <!-- runBeforeEachMethod -->
        <test-method status="PASS" signature="homepageQuickInvestLinkDisplayed()[pri:0, instance:com.prosper.webtest.home.TestHomePage@24c4187c]" name="homepageQuickInvestLinkDisplayed" duration-ms="15" started-at="2014-12-30T14:05:07Z" finished-at="2014-12-30T14:05:07Z">
          <reporter-output>
          </reporter-output>
        </test-method> <!-- homepageQuickInvestLinkDisplayed -->
        <test-method status="PASS" signature="takeScreenShotOnFailure(org.testng.ITestResult)[pri:0, instance:com.prosper.webtest.home.TestHomePage@24c4187c]" name="takeScreenShotOnFailure" is-config="true" duration-ms="1" started-at="2014-12-30T14:05:07Z" finished-at="2014-12-30T14:05:07Z">
          <params>
            <param index="0">
              <value>
                <![CDATA[[TestResult name=homepageQuickInvestLinkDisplayed status=SUCCESS method=TestHomePage.homepageQuickInvestLinkDisplayed()[pri:0, instance:com.prosper.webtest.home.TestHomePage@24c4187c] output={null}]]]>
              </value>
            </param>
          </params>
          <reporter-output>
          </reporter-output>
        </test-method> <!-- takeScreenShotOnFailure -->
        <test-method status="PASS" signature="runAfterEachMethod()[pri:0, instance:com.prosper.webtest.home.TestHomePage@24c4187c]" name="runAfterEachMethod" is-config="true" duration-ms="74" started-at="2014-12-30T14:05:07Z" depends-on-methods="com.prosper.utilityClasses.SetUpWebDriver.takeScreenShotOnFailure" finished-at="2014-12-30T14:05:08Z">
          <reporter-output>
          </reporter-output>
        </test-method> <!-- runAfterEachMethod -->
        <test-method status="PASS" signature="runBeforeEachMethod(java.lang.reflect.Method)[pri:0, instance:com.prosper.webtest.home.TestHomePage@24c4187c]" name="runBeforeEachMethod" is-config="true" duration-ms="3796" started-at="2014-12-30T14:05:08Z" finished-at="2014-12-30T14:05:11Z">
          <params>
            <param index="0">
              <value>
                <![CDATA[public void com.prosper.webtest.home.TestHomePage.homePageDisplayed(java.lang.String)]]>
              </value>
            </param>
          </params>
          <reporter-output>
          </reporter-output>
        </test-method> <!-- runBeforeEachMethod -->
        <test-method status="FAIL" signature="homePageDisplayed(java.lang.String)[pri:0, instance:com.prosper.webtest.home.TestHomePage@24c4187c]" name="homePageDisplayed" duration-ms="33734" started-at="2014-12-30T14:05:11Z" data-provider="email" finished-at="2014-12-30T14:05:45Z">
          <params>
            <param index="0">
              <value>
                <![CDATA[avneet.dhanoa@gmail.com]]>
              </value>
            </param>
          </params>
          <exception class="java.lang.AssertionError">
            <message>
              <![CDATA[expected [true] but found [false]]]>
            </message>
            <full-stacktrace>
              <![CDATA[java.lang.AssertionError: expected [true] but found [false]
	at org.testng.Assert.fail(Assert.java:94)
	at org.testng.Assert.failNotEquals(Assert.java:494)
	at org.testng.Assert.assertTrue(Assert.java:42)
	at org.testng.Assert.assertTrue(Assert.java:52)
	at com.prosper.utilityClasses.HelperAPI.verifyPageTitle(HelperAPI.java:208)
	at com.prosper.page.LoginPage.loginWithValidUserId(LoginPage.java:53)
	at com.prosper.webtest.home.TestHomePage.homePageDisplayed(TestHomePage.java:29)
	at sun.reflect.NativeMethodAccessorImpl.invoke0(Native Method)
	at sun.reflect.NativeMethodAccessorImpl.invoke(NativeMethodAccessorImpl.java:57)
	at sun.reflect.DelegatingMethodAccessorImpl.invoke(DelegatingMethodAccessorImpl.java:43)
	at java.lang.reflect.Method.invoke(Method.java:606)
	at org.testng.internal.MethodInvocationHelper.invokeMethod(MethodInvocationHelper.java:84)
	at org.testng.internal.Invoker.invokeMethod(Invoker.java:714)
	at org.testng.internal.Invoker.invokeTestMethod(Invoker.java:901)
	at org.testng.internal.Invoker.invokeTestMethods(Invoker.java:1231)
	at org.testng.internal.TestMethodWorker.invokeTestMethods(TestMethodWorker.java:127)
	at org.testng.internal.TestMethodWorker.run(TestMethodWorker.java:111)
	at org.testng.TestRunner.privateRun(TestRunner.java:767)
	at org.testng.TestRunner.run(TestRunner.java:617)
	at org.testng.SuiteRunner.runTest(SuiteRunner.java:334)
	at org.testng.SuiteRunner.runSequentially(SuiteRunner.java:329)
	at org.testng.SuiteRunner.privateRun(SuiteRunner.java:291)
	at org.testng.SuiteRunner.run(SuiteRunner.java:240)
	at org.testng.SuiteRunnerWorker.runSuite(SuiteRunnerWorker.java:52)
	at org.testng.SuiteRunnerWorker.run(SuiteRunnerWorker.java:86)
	at org.testng.TestNG.runSuitesSequentially(TestNG.java:1224)
	at org.testng.TestNG.runSuitesLocally(TestNG.java:1149)
	at org.testng.TestNG.run(TestNG.java:1057)
	at org.testng.remote.RemoteTestNG.run(RemoteTestNG.java:111)
	at org.testng.remote.RemoteTestNG.initAndRun(RemoteTestNG.java:204)
	at org.testng.remote.RemoteTestNG.main(RemoteTestNG.java:175)
]]>
            </full-stacktrace>
          </exception> <!-- java.lang.AssertionError -->
          <reporter-output>
          </reporter-output>
        </test-method> <!-- homePageDisplayed -->
        <test-method status="PASS" signature="takeScreenShotOnFailure(org.testng.ITestResult)[pri:0, instance:com.prosper.webtest.home.TestHomePage@24c4187c]" name="takeScreenShotOnFailure" is-config="true" duration-ms="210" started-at="2014-12-30T14:05:45Z" finished-at="2014-12-30T14:05:45Z">
          <params>
            <param index="0">
              <value>
                <![CDATA[[TestResult name=homePageDisplayed status=FAILURE method=TestHomePage.homePageDisplayed(java.lang.String)[pri:0, instance:com.prosper.webtest.home.TestHomePage@24c4187c] output={null}]]]>
              </value>
            </param>
          </params>
          <reporter-output>
            <line>
              <![CDATA[Failed_Test_Case <a href = //Users//adhanoa//eclipseWorkspace//Prosper_Test_Harness//Screenshot/com.prosper.webtest.home.TestHomePage_homePageDisplayed_30_12_2014_02_05_45.png</a>]]>
            </line>
          </reporter-output>
        </test-method> <!-- takeScreenShotOnFailure -->
        <test-method status="PASS" signature="runAfterEachMethod()[pri:0, instance:com.prosper.webtest.home.TestHomePage@24c4187c]" name="runAfterEachMethod" is-config="true" duration-ms="75" started-at="2014-12-30T14:05:45Z" depends-on-methods="com.prosper.utilityClasses.SetUpWebDriver.takeScreenShotOnFailure" finished-at="2014-12-30T14:05:45Z">
          <reporter-output>
          </reporter-output>
        </test-method> <!-- runAfterEachMethod -->
      </class> <!-- com.prosper.webtest.home.TestHomePage -->
    </test> <!-- Test -->
  </suite> <!-- Suite -->
</testng-results>
